{"/home/elena/Desktop/middle.messenger.praktikum.yandex/src/core/event_bus.ts": {"path":"/home/elena/Desktop/middle.messenger.praktikum.yandex/src/core/event_bus.ts","statementMap":{"0":{"start":{"line":6,"column":6},"end":{"line":6,"column":26}},"1":{"start":{"line":11,"column":6},"end":{"line":13,"column":7}},"2":{"start":{"line":12,"column":8},"end":{"line":12,"column":35}},"3":{"start":{"line":15,"column":6},"end":{"line":15,"column":43}},"4":{"start":{"line":19,"column":10},"end":{"line":21,"column":7}},"5":{"start":{"line":20,"column":8},"end":{"line":20,"column":49}},"6":{"start":{"line":23,"column":6},"end":{"line":25,"column":8}},"7":{"start":{"line":24,"column":20},"end":{"line":24,"column":41}},"8":{"start":{"line":29,"column":6},"end":{"line":31,"column":7}},"9":{"start":{"line":30,"column":8},"end":{"line":30,"column":49}},"10":{"start":{"line":33,"column":6},"end":{"line":35,"column":9}},"11":{"start":{"line":34,"column":8},"end":{"line":34,"column":23}},"12":{"start":{"line":3,"column":0},"end":{"line":3,"column":13}}},"fnMap":{"0":{"name":"(anonymous_0)","decl":{"start":{"line":5,"column":4},"end":{"line":5,"column":null}},"loc":{"start":{"line":5,"column":4},"end":{"line":7,"column":5}}},"1":{"name":"(anonymous_1)","decl":{"start":{"line":9,"column":4},"end":{"line":9,"column":6}},"loc":{"start":{"line":9,"column":39},"end":{"line":16,"column":5}}},"2":{"name":"(anonymous_2)","decl":{"start":{"line":18,"column":4},"end":{"line":18,"column":7}},"loc":{"start":{"line":18,"column":40},"end":{"line":26,"column":5}}},"3":{"name":"(anonymous_3)","decl":{"start":{"line":24,"column":8},"end":{"line":24,"column":16}},"loc":{"start":{"line":24,"column":20},"end":{"line":24,"column":41}}},"4":{"name":"(anonymous_4)","decl":{"start":{"line":28,"column":6},"end":{"line":28,"column":10}},"loc":{"start":{"line":28,"column":46},"end":{"line":36,"column":5}}},"5":{"name":"(anonymous_5)","decl":{"start":{"line":33,"column":36},"end":{"line":33,"column":45}},"loc":{"start":{"line":33,"column":62},"end":{"line":35,"column":7}}}},"branchMap":{"0":{"loc":{"start":{"line":11,"column":6},"end":{"line":13,"column":7}},"type":"if","locations":[{"start":{"line":11,"column":6},"end":{"line":13,"column":7}}]},"1":{"loc":{"start":{"line":19,"column":10},"end":{"line":21,"column":7}},"type":"if","locations":[{"start":{"line":19,"column":10},"end":{"line":21,"column":7}}]},"2":{"loc":{"start":{"line":29,"column":6},"end":{"line":31,"column":7}},"type":"if","locations":[{"start":{"line":29,"column":6},"end":{"line":31,"column":7}}]}},"s":{"0":4,"1":8,"2":8,"3":8,"4":0,"5":0,"6":0,"7":0,"8":4,"9":0,"10":4,"11":4,"12":2},"f":{"0":4,"1":8,"2":0,"3":0,"4":4,"5":4},"b":{"0":[8],"1":[0],"2":[0]}}
,"/home/elena/Desktop/middle.messenger.praktikum.yandex/src/core/store.ts": {"path":"/home/elena/Desktop/middle.messenger.praktikum.yandex/src/core/store.ts","statementMap":{"0":{"start":{"line":24,"column":0},"end":{"line":24,"column":16}},"1":{"start":{"line":2,"column":0},"end":{"line":2,"column":39}},"2":{"start":{"line":4,"column":0},"end":{"line":4,"column":null}},"3":{"start":{"line":5,"column":4},"end":{"line":5,"column":null}},"4":{"start":{"line":9,"column":12},"end":{"line":9,"column":39}},"5":{"start":{"line":12,"column":8},"end":{"line":12,"column":26}},"6":{"start":{"line":16,"column":8},"end":{"line":16,"column":null}},"7":{"start":{"line":17,"column":8},"end":{"line":17,"column":37}},"8":{"start":{"line":18,"column":8},"end":{"line":18,"column":39}},"9":{"start":{"line":8,"column":0},"end":{"line":8,"column":13}},"10":{"start":{"line":25,"column":4},"end":{"line":41,"column":5}},"11":{"start":{"line":26,"column":8},"end":{"line":28,"column":9}},"12":{"start":{"line":27,"column":12},"end":{"line":27,"column":21}},"13":{"start":{"line":30,"column":8},"end":{"line":40,"column":9}},"14":{"start":{"line":31,"column":12},"end":{"line":35,"column":13}},"15":{"start":{"line":32,"column":16},"end":{"line":32,"column":69}},"16":{"start":{"line":34,"column":16},"end":{"line":34,"column":32}},"17":{"start":{"line":38,"column":12},"end":{"line":38,"column":28}},"18":{"start":{"line":39,"column":12},"end":{"line":39,"column":null}},"19":{"start":{"line":43,"column":4},"end":{"line":43,"column":15}},"20":{"start":{"line":48,"column":4},"end":{"line":50,"column":5}},"21":{"start":{"line":49,"column":8},"end":{"line":49,"column":22}},"22":{"start":{"line":52,"column":4},"end":{"line":54,"column":5}},"23":{"start":{"line":53,"column":8},"end":{"line":53,"column":47}},"24":{"start":{"line":56,"column":19},"end":{"line":58,"column":24}},"25":{"start":{"line":56,"column":62},"end":{"line":58,"column":6}},"26":{"start":{"line":59,"column":4},"end":{"line":59,"column":44}},"27":{"start":{"line":61,"column":0},"end":{"line":61,"column":27}}},"fnMap":{"0":{"name":"(anonymous_0)","decl":{"start":{"line":4,"column":0},"end":{"line":4,"column":12}},"loc":{"start":{"line":4,"column":23},"end":{"line":6,"column":3}}},"1":{"name":"(anonymous_1)","decl":{"start":{"line":8,"column":0},"end":{"line":8,"column":13}},"loc":{"start":{"line":8,"column":0},"end":{"line":22,"column":1}}},"2":{"name":"(anonymous_2)","decl":{"start":{"line":11,"column":11},"end":{"line":11,"column":19}},"loc":{"start":{"line":11,"column":19},"end":{"line":13,"column":5}}},"3":{"name":"(anonymous_3)","decl":{"start":{"line":15,"column":11},"end":{"line":15,"column":14}},"loc":{"start":{"line":15,"column":43},"end":{"line":19,"column":5}}},"4":{"name":"merge","decl":{"start":{"line":24,"column":16},"end":{"line":24,"column":21}},"loc":{"start":{"line":24,"column":48},"end":{"line":44,"column":1}}},"5":{"name":"set","decl":{"start":{"line":47,"column":9},"end":{"line":47,"column":12}},"loc":{"start":{"line":47,"column":68},"end":{"line":60,"column":1}}},"6":{"name":"(anonymous_6)","decl":{"start":{"line":56,"column":47},"end":{"line":56,"column":48}},"loc":{"start":{"line":56,"column":62},"end":{"line":58,"column":6}}}},"branchMap":{"0":{"loc":{"start":{"line":4,"column":12},"end":{"line":4,"column":null}},"type":"binary-expr","locations":[{"start":{"line":4,"column":12},"end":{"line":4,"column":23}},{"start":{"line":4,"column":23},"end":{"line":4,"column":null}}]},"1":{"loc":{"start":{"line":26,"column":8},"end":{"line":28,"column":9}},"type":"if","locations":[{"start":{"line":26,"column":8},"end":{"line":28,"column":9}}]},"2":{"loc":{"start":{"line":31,"column":12},"end":{"line":35,"column":13}},"type":"if","locations":[{"start":{"line":31,"column":12},"end":{"line":35,"column":13}},{"start":{"line":33,"column":19},"end":{"line":35,"column":13}}]},"3":{"loc":{"start":{"line":48,"column":4},"end":{"line":50,"column":5}},"type":"if","locations":[{"start":{"line":48,"column":4},"end":{"line":50,"column":5}}]},"4":{"loc":{"start":{"line":48,"column":8},"end":{"line":48,"column":53}},"type":"binary-expr","locations":[{"start":{"line":48,"column":8},"end":{"line":48,"column":34}},{"start":{"line":48,"column":38},"end":{"line":48,"column":53}}]},"5":{"loc":{"start":{"line":52,"column":4},"end":{"line":54,"column":5}},"type":"if","locations":[{"start":{"line":52,"column":4},"end":{"line":54,"column":5}}]}},"s":{"0":2,"1":2,"2":2,"3":2,"4":2,"5":2,"6":0,"7":0,"8":0,"9":2,"10":0,"11":0,"12":0,"13":0,"14":0,"15":0,"16":0,"17":0,"18":0,"19":0,"20":0,"21":0,"22":0,"23":0,"24":0,"25":0,"26":0,"27":2},"f":{"0":2,"1":2,"2":2,"3":0,"4":0,"5":0,"6":0},"b":{"0":[2,2],"1":[0],"2":[0,0],"3":[0],"4":[0,0],"5":[0]}}
,"/home/elena/Desktop/middle.messenger.praktikum.yandex/src/core/type.ts": {"path":"/home/elena/Desktop/middle.messenger.praktikum.yandex/src/core/type.ts","statementMap":{"0":{"start":{"line":53,"column":0},"end":{"line":53,"column":25}},"1":{"start":{"line":53,"column":25},"end":{"line":53,"column":35}},"2":{"start":{"line":53,"column":35},"end":{"line":53,"column":51}},"3":{"start":{"line":53,"column":51},"end":{"line":53,"column":70}},"4":{"start":{"line":53,"column":70},"end":{"line":53,"column":89}}},"fnMap":{"0":{"name":"(anonymous_0)","decl":{"start":{"line":53,"column":0},"end":{"line":53,"column":12}},"loc":{"start":{"line":53,"column":22},"end":{"line":53,"column":89}}}},"branchMap":{"0":{"loc":{"start":{"line":53,"column":12},"end":{"line":53,"column":25}},"type":"binary-expr","locations":[{"start":{"line":53,"column":12},"end":{"line":53,"column":22}},{"start":{"line":53,"column":22},"end":{"line":53,"column":25}}]}},"s":{"0":1,"1":1,"2":1,"3":1,"4":1},"f":{"0":1},"b":{"0":[1,1]}}
,"/home/elena/Desktop/middle.messenger.praktikum.yandex/src/core/utils.ts": {"path":"/home/elena/Desktop/middle.messenger.praktikum.yandex/src/core/utils.ts","statementMap":{"0":{"start":{"line":5,"column":0},"end":{"line":5,"column":16}},"1":{"start":{"line":11,"column":0},"end":{"line":11,"column":16}},"2":{"start":{"line":14,"column":0},"end":{"line":14,"column":16}},"3":{"start":{"line":24,"column":0},"end":{"line":24,"column":16}},"4":{"start":{"line":36,"column":0},"end":{"line":36,"column":16}},"5":{"start":{"line":46,"column":0},"end":{"line":46,"column":16}},"6":{"start":{"line":68,"column":0},"end":{"line":68,"column":16}},"7":{"start":{"line":3,"column":0},"end":{"line":3,"column":28}},"8":{"start":{"line":6,"column":17},"end":{"line":6,"column":94}},"9":{"start":{"line":7,"column":4},"end":{"line":7,"column":42}},"10":{"start":{"line":8,"column":4},"end":{"line":8,"column":16}},"11":{"start":{"line":12,"column":4},"end":{"line":12,"column":23}},"12":{"start":{"line":15,"column":19},"end":{"line":15,"column":35}},"13":{"start":{"line":16,"column":4},"end":{"line":19,"column":null}},"14":{"start":{"line":17,"column":8},"end":{"line":17,"column":null}},"15":{"start":{"line":18,"column":8},"end":{"line":18,"column":62}},"16":{"start":{"line":18,"column":24},"end":{"line":18,"column":61}},"17":{"start":{"line":21,"column":4},"end":{"line":21,"column":37}},"18":{"start":{"line":25,"column":26},"end":{"line":25,"column":45}},"19":{"start":{"line":26,"column":21},"end":{"line":26,"column":25}},"20":{"start":{"line":27,"column":4},"end":{"line":32,"column":null}},"21":{"start":{"line":28,"column":22},"end":{"line":28,"column":53}},"22":{"start":{"line":29,"column":8},"end":{"line":31,"column":9}},"23":{"start":{"line":30,"column":12},"end":{"line":30,"column":55}},"24":{"start":{"line":34,"column":4},"end":{"line":34,"column":22}},"25":{"start":{"line":37,"column":17},"end":{"line":37,"column":70}},"26":{"start":{"line":38,"column":22},"end":{"line":38,"column":40}},"27":{"start":{"line":39,"column":43},"end":{"line":39,"column":45}},"28":{"start":{"line":40,"column":4},"end":{"line":42,"column":7}},"29":{"start":{"line":41,"column":8},"end":{"line":41,"column":38}},"30":{"start":{"line":43,"column":4},"end":{"line":43,"column":18}},"31":{"start":{"line":48,"column":36},"end":{"line":48,"column":108}},"32":{"start":{"line":49,"column":19},"end":{"line":49,"column":107}},"33":{"start":{"line":51,"column":4},"end":{"line":64,"column":5}},"34":{"start":{"line":52,"column":8},"end":{"line":55,"column":9}},"35":{"start":{"line":53,"column":12},"end":{"line":53,"column":66}},"36":{"start":{"line":54,"column":12},"end":{"line":54,"column":null}},"37":{"start":{"line":56,"column":8},"end":{"line":56,"column":20}},"38":{"start":{"line":59,"column":8},"end":{"line":62,"column":9}},"39":{"start":{"line":60,"column":12},"end":{"line":60,"column":67}},"40":{"start":{"line":61,"column":12},"end":{"line":61,"column":null}},"41":{"start":{"line":63,"column":8},"end":{"line":63,"column":21}},"42":{"start":{"line":69,"column":4},"end":{"line":69,"column":null}}},"fnMap":{"0":{"name":"renderDom","decl":{"start":{"line":5,"column":16},"end":{"line":5,"column":25}},"loc":{"start":{"line":5,"column":53},"end":{"line":9,"column":1}}},"1":{"name":"isEqual","decl":{"start":{"line":11,"column":16},"end":{"line":11,"column":23}},"loc":{"start":{"line":11,"column":48},"end":{"line":13,"column":1}}},"2":{"name":"AddAvatarInStore","decl":{"start":{"line":14,"column":16},"end":{"line":14,"column":32}},"loc":{"start":{"line":14,"column":67},"end":{"line":22,"column":1}}},"3":{"name":"(anonymous_3)","decl":{"start":{"line":16,"column":20},"end":{"line":16,"column":30}},"loc":{"start":{"line":16,"column":31},"end":{"line":19,"column":5}}},"4":{"name":"ValidateForm","decl":{"start":{"line":24,"column":16},"end":{"line":24,"column":28}},"loc":{"start":{"line":24,"column":46},"end":{"line":35,"column":1}}},"5":{"name":"(anonymous_5)","decl":{"start":{"line":27,"column":39},"end":{"line":27,"column":40}},"loc":{"start":{"line":27,"column":68},"end":{"line":32,"column":5}}},"6":{"name":"GetJsonDataFromForm","decl":{"start":{"line":36,"column":16},"end":{"line":36,"column":35}},"loc":{"start":{"line":36,"column":53},"end":{"line":44,"column":1}}},"7":{"name":"(anonymous_7)","decl":{"start":{"line":40,"column":22},"end":{"line":40,"column":32}},"loc":{"start":{"line":40,"column":42},"end":{"line":42,"column":5}}},"8":{"name":"Validate","decl":{"start":{"line":46,"column":16},"end":{"line":46,"column":24}},"loc":{"start":{"line":46,"column":43},"end":{"line":66,"column":1}}},"9":{"name":"NotificationMassage","decl":{"start":{"line":68,"column":16},"end":{"line":68,"column":35}},"loc":{"start":{"line":68,"column":51},"end":{"line":70,"column":1}}}},"branchMap":{"0":{"loc":{"start":{"line":6,"column":17},"end":{"line":6,"column":94}},"type":"cond-expr","locations":[{"start":{"line":6,"column":49},"end":{"line":6,"column":78}},{"start":{"line":6,"column":81},"end":{"line":6,"column":94}}]},"1":{"loc":{"start":{"line":14,"column":51},"end":{"line":14,"column":67}},"type":"default-arg","locations":[{"start":{"line":14,"column":62},"end":{"line":14,"column":67}}]},"2":{"loc":{"start":{"line":18,"column":8},"end":{"line":18,"column":62}},"type":"if","locations":[{"start":{"line":18,"column":8},"end":{"line":18,"column":62}}]},"3":{"loc":{"start":{"line":29,"column":8},"end":{"line":31,"column":9}},"type":"if","locations":[{"start":{"line":29,"column":8},"end":{"line":31,"column":9}}]},"4":{"loc":{"start":{"line":30,"column":25},"end":{"line":30,"column":54}},"type":"binary-expr","locations":[{"start":{"line":30,"column":25},"end":{"line":30,"column":35}},{"start":{"line":30,"column":39},"end":{"line":30,"column":54}}]},"5":{"loc":{"start":{"line":49,"column":30},"end":{"line":49,"column":106}},"type":"cond-expr","locations":[{"start":{"line":49,"column":77},"end":{"line":49,"column":101}},{"start":{"line":49,"column":104},"end":{"line":49,"column":106}}]},"6":{"loc":{"start":{"line":51,"column":4},"end":{"line":64,"column":5}},"type":"if","locations":[{"start":{"line":51,"column":4},"end":{"line":64,"column":5}},{"start":{"line":58,"column":9},"end":{"line":64,"column":5}}]},"7":{"loc":{"start":{"line":52,"column":8},"end":{"line":55,"column":9}},"type":"if","locations":[{"start":{"line":52,"column":8},"end":{"line":55,"column":9}}]},"8":{"loc":{"start":{"line":59,"column":8},"end":{"line":62,"column":9}},"type":"if","locations":[{"start":{"line":59,"column":8},"end":{"line":62,"column":9}}]}},"s":{"0":2,"1":2,"2":2,"3":2,"4":2,"5":2,"6":2,"7":2,"8":2,"9":2,"10":2,"11":2,"12":0,"13":0,"14":0,"15":0,"16":0,"17":0,"18":0,"19":0,"20":0,"21":0,"22":0,"23":0,"24":0,"25":0,"26":0,"27":0,"28":0,"29":0,"30":0,"31":0,"32":0,"33":0,"34":0,"35":0,"36":0,"37":0,"38":0,"39":0,"40":0,"41":0,"42":0},"f":{"0":2,"1":2,"2":0,"3":0,"4":0,"5":0,"6":0,"7":0,"8":0,"9":0},"b":{"0":[1,1],"1":[0],"2":[0],"3":[0],"4":[0,0],"5":[0,0],"6":[0,0],"7":[0],"8":[0]}}
,"/home/elena/Desktop/middle.messenger.praktikum.yandex/src/core/block/block.ts": {"path":"/home/elena/Desktop/middle.messenger.praktikum.yandex/src/core/block/block.ts","statementMap":{"0":{"start":{"line":201,"column":0},"end":{"line":201,"column":16}},"1":{"start":{"line":2,"column":0},"end":{"line":2,"column":43}},"2":{"start":{"line":3,"column":0},"end":{"line":3,"column":38}},"3":{"start":{"line":126,"column":2},"end":{"line":131,"column":4}},"4":{"start":{"line":127,"column":4},"end":{"line":129,"column":5}},"5":{"start":{"line":128,"column":6},"end":{"line":128,"column":13}},"6":{"start":{"line":130,"column":4},"end":{"line":130,"column":41}},"7":{"start":{"line":32,"column":4},"end":{"line":32,"column":26}},"8":{"start":{"line":33,"column":34},"end":{"line":33,"column":69}},"9":{"start":{"line":34,"column":4},"end":{"line":36,"column":5}},"10":{"start":{"line":35,"column":6},"end":{"line":35,"column":31}},"11":{"start":{"line":37,"column":21},"end":{"line":37,"column":35}},"12":{"start":{"line":38,"column":4},"end":{"line":41,"column":6}},"13":{"start":{"line":42,"column":4},"end":{"line":42,"column":68}},"14":{"start":{"line":44,"column":4},"end":{"line":44,"column":35}},"15":{"start":{"line":44,"column":26},"end":{"line":44,"column":34}},"16":{"start":{"line":46,"column":4},"end":{"line":46,"column":35}},"17":{"start":{"line":47,"column":4},"end":{"line":47,"column":37}},"18":{"start":{"line":51,"column":31},"end":{"line":51,"column":33}},"19":{"start":{"line":52,"column":25},"end":{"line":52,"column":27}},"20":{"start":{"line":53,"column":4},"end":{"line":61,"column":7}},"21":{"start":{"line":54,"column":6},"end":{"line":59,"column":9}},"22":{"start":{"line":55,"column":8},"end":{"line":55,"column":30}},"23":{"start":{"line":58,"column":10},"end":{"line":58,"column":43}},"24":{"start":{"line":62,"column":4},"end":{"line":62,"column":30}},"25":{"start":{"line":67,"column":4},"end":{"line":67,"column":57}},"26":{"start":{"line":68,"column":4},"end":{"line":68,"column":75}},"27":{"start":{"line":69,"column":4},"end":{"line":69,"column":76}},"28":{"start":{"line":70,"column":4},"end":{"line":70,"column":67}},"29":{"start":{"line":73,"column":19},"end":{"line":73,"column":66}},"30":{"start":{"line":74,"column":4},"end":{"line":78,"column":5}},"31":{"start":{"line":75,"column":6},"end":{"line":77,"column":9}},"32":{"start":{"line":76,"column":8},"end":{"line":76,"column":81}},"33":{"start":{"line":83,"column":19},"end":{"line":83,"column":66}},"34":{"start":{"line":85,"column":4},"end":{"line":89,"column":5}},"35":{"start":{"line":86,"column":6},"end":{"line":88,"column":9}},"36":{"start":{"line":87,"column":8},"end":{"line":87,"column":72}},"37":{"start":{"line":93,"column":24},"end":{"line":93,"column":34}},"38":{"start":{"line":94,"column":4},"end":{"line":94,"column":57}},"39":{"start":{"line":98,"column":4},"end":{"line":98,"column":28}},"40":{"start":{"line":100,"column":4},"end":{"line":100,"column":51}},"41":{"start":{"line":104,"column":4},"end":{"line":104,"column":29}},"42":{"start":{"line":110,"column":4},"end":{"line":110,"column":48}},"43":{"start":{"line":114,"column":21},"end":{"line":114,"column":64}},"44":{"start":{"line":115,"column":4},"end":{"line":117,"column":5}},"45":{"start":{"line":116,"column":6},"end":{"line":116,"column":13}},"46":{"start":{"line":118,"column":4},"end":{"line":118,"column":19}},"47":{"start":{"line":122,"column":4},"end":{"line":122,"column":null}},"48":{"start":{"line":123,"column":4},"end":{"line":123,"column":16}},"49":{"start":{"line":134,"column":4},"end":{"line":134,"column":25}},"50":{"start":{"line":138,"column":36},"end":{"line":138,"column":49}},"51":{"start":{"line":139,"column":4},"end":{"line":139,"column":25}},"52":{"start":{"line":140,"column":4},"end":{"line":140,"column":33}},"53":{"start":{"line":141,"column":4},"end":{"line":141,"column":37}},"54":{"start":{"line":142,"column":4},"end":{"line":142,"column":22}},"55":{"start":{"line":146,"column":4},"end":{"line":146,"column":null}},"56":{"start":{"line":150,"column":4},"end":{"line":150,"column":24}},"57":{"start":{"line":154,"column":4},"end":{"line":167,"column":7}},"58":{"start":{"line":156,"column":22},"end":{"line":156,"column":34}},"59":{"start":{"line":157,"column":8},"end":{"line":157,"column":72}},"60":{"start":{"line":160,"column":8},"end":{"line":160,"column":29}},"61":{"start":{"line":161,"column":8},"end":{"line":161,"column":60}},"62":{"start":{"line":162,"column":8},"end":{"line":162,"column":20}},"63":{"start":{"line":165,"column":8},"end":{"line":165,"column":39}},"64":{"start":{"line":171,"column":4},"end":{"line":171,"column":43}},"65":{"start":{"line":175,"column":26},"end":{"line":175,"column":38}},"66":{"start":{"line":177,"column":4},"end":{"line":179,"column":7}},"67":{"start":{"line":178,"column":6},"end":{"line":178,"column":null}},"68":{"start":{"line":181,"column":42},"end":{"line":181,"column":104}},"69":{"start":{"line":182,"column":4},"end":{"line":182,"column":60}},"70":{"start":{"line":183,"column":4},"end":{"line":186,"column":7}},"71":{"start":{"line":184,"column":39},"end":{"line":184,"column":97}},"72":{"start":{"line":185,"column":6},"end":{"line":185,"column":53}},"73":{"start":{"line":185,"column":16},"end":{"line":185,"column":53}},"74":{"start":{"line":188,"column":4},"end":{"line":188,"column":28}},"75":{"start":{"line":193,"column":4},"end":{"line":193,"column":46}},"76":{"start":{"line":197,"column":4},"end":{"line":197,"column":45}},"77":{"start":{"line":5,"column":0},"end":{"line":5,"column":13}},"78":{"start":{"line":6,"column":9},"end":{"line":6,"column":18}},"79":{"start":{"line":202,"column":2},"end":{"line":204,"column":3}},"80":{"start":{"line":203,"column":4},"end":{"line":203,"column":29}},"81":{"start":{"line":205,"column":2},"end":{"line":207,"column":3}},"82":{"start":{"line":206,"column":4},"end":{"line":206,"column":null}},"83":{"start":{"line":208,"column":2},"end":{"line":208,"column":12}}},"fnMap":{"0":{"name":"(anonymous_0)","decl":{"start":{"line":30,"column":2},"end":{"line":30,"column":14}},"loc":{"start":{"line":30,"column":52},"end":{"line":48,"column":3}}},"1":{"name":"(anonymous_1)","decl":{"start":{"line":126,"column":13},"end":{"line":126,"column":14}},"loc":{"start":{"line":126,"column":34},"end":{"line":131,"column":3}}},"2":{"name":"(anonymous_2)","decl":{"start":{"line":44,"column":20},"end":{"line":44,"column":23}},"loc":{"start":{"line":44,"column":26},"end":{"line":44,"column":34}}},"3":{"name":"(anonymous_3)","decl":{"start":{"line":50,"column":2},"end":{"line":50,"column":14}},"loc":{"start":{"line":50,"column":54},"end":{"line":63,"column":3}}},"4":{"name":"(anonymous_4)","decl":{"start":{"line":53,"column":45},"end":{"line":53,"column":46}},"loc":{"start":{"line":53,"column":62},"end":{"line":61,"column":5}}},"5":{"name":"(anonymous_5)","decl":{"start":{"line":66,"column":2},"end":{"line":66,"column":17}},"loc":{"start":{"line":66,"column":36},"end":{"line":71,"column":3}}},"6":{"name":"(anonymous_6)","decl":{"start":{"line":72,"column":2},"end":{"line":72,"column":12}},"loc":{"start":{"line":72,"column":12},"end":{"line":80,"column":3}}},"7":{"name":"(anonymous_7)","decl":{"start":{"line":75,"column":34},"end":{"line":75,"column":35}},"loc":{"start":{"line":75,"column":56},"end":{"line":77,"column":7}}},"8":{"name":"(anonymous_8)","decl":{"start":{"line":82,"column":10},"end":{"line":82,"column":23}},"loc":{"start":{"line":82,"column":23},"end":{"line":90,"column":3}}},"9":{"name":"(anonymous_9)","decl":{"start":{"line":86,"column":34},"end":{"line":86,"column":35}},"loc":{"start":{"line":86,"column":56},"end":{"line":88,"column":7}}},"10":{"name":"(anonymous_10)","decl":{"start":{"line":92,"column":2},"end":{"line":92,"column":18}},"loc":{"start":{"line":92,"column":18},"end":{"line":95,"column":3}}},"11":{"name":"(anonymous_11)","decl":{"start":{"line":97,"column":2},"end":{"line":97,"column":6}},"loc":{"start":{"line":97,"column":6},"end":{"line":101,"column":3}}},"12":{"name":"(anonymous_12)","decl":{"start":{"line":103,"column":2},"end":{"line":103,"column":20}},"loc":{"start":{"line":103,"column":20},"end":{"line":105,"column":3}}},"13":{"name":"(anonymous_13)","decl":{"start":{"line":107,"column":2},"end":{"line":107,"column":19}},"loc":{"start":{"line":107,"column":19},"end":{"line":107,"column":25}}},"14":{"name":"(anonymous_14)","decl":{"start":{"line":109,"column":2},"end":{"line":109,"column":27}},"loc":{"start":{"line":109,"column":27},"end":{"line":111,"column":3}}},"15":{"name":"(anonymous_15)","decl":{"start":{"line":113,"column":2},"end":{"line":113,"column":21}},"loc":{"start":{"line":113,"column":54},"end":{"line":119,"column":3}}},"16":{"name":"(anonymous_16)","decl":{"start":{"line":121,"column":2},"end":{"line":121,"column":20}},"loc":{"start":{"line":121,"column":53},"end":{"line":124,"column":3}}},"17":{"name":"(anonymous_17)","decl":{"start":{"line":133,"column":2},"end":{"line":133,"column":6}},"loc":{"start":{"line":133,"column":13},"end":{"line":135,"column":3}}},"18":{"name":"(anonymous_18)","decl":{"start":{"line":137,"column":2},"end":{"line":137,"column":9}},"loc":{"start":{"line":137,"column":9},"end":{"line":143,"column":3}}},"19":{"name":"(anonymous_19)","decl":{"start":{"line":145,"column":2},"end":{"line":145,"column":8}},"loc":{"start":{"line":145,"column":8},"end":{"line":147,"column":3}}},"20":{"name":"(anonymous_20)","decl":{"start":{"line":149,"column":2},"end":{"line":149,"column":12}},"loc":{"start":{"line":149,"column":12},"end":{"line":151,"column":3}}},"21":{"name":"(anonymous_21)","decl":{"start":{"line":153,"column":2},"end":{"line":153,"column":17}},"loc":{"start":{"line":153,"column":30},"end":{"line":168,"column":3}}},"22":{"name":"(anonymous_22)","decl":{"start":{"line":155,"column":11},"end":{"line":155,"column":12}},"loc":{"start":{"line":155,"column":48},"end":{"line":158,"column":7}}},"23":{"name":"(anonymous_23)","decl":{"start":{"line":159,"column":11},"end":{"line":159,"column":12}},"loc":{"start":{"line":159,"column":55},"end":{"line":163,"column":7}}},"24":{"name":"(anonymous_24)","decl":{"start":{"line":164,"column":22},"end":{"line":164,"column":25}},"loc":{"start":{"line":164,"column":27},"end":{"line":166,"column":7}}},"25":{"name":"(anonymous_25)","decl":{"start":{"line":170,"column":2},"end":{"line":170,"column":24}},"loc":{"start":{"line":170,"column":40},"end":{"line":172,"column":3}}},"26":{"name":"(anonymous_26)","decl":{"start":{"line":174,"column":2},"end":{"line":174,"column":9}},"loc":{"start":{"line":174,"column":41},"end":{"line":189,"column":3}}},"27":{"name":"(anonymous_27)","decl":{"start":{"line":177,"column":42},"end":{"line":177,"column":43}},"loc":{"start":{"line":177,"column":59},"end":{"line":179,"column":5}}},"28":{"name":"(anonymous_28)","decl":{"start":{"line":183,"column":41},"end":{"line":183,"column":46}},"loc":{"start":{"line":183,"column":49},"end":{"line":186,"column":5}}},"29":{"name":"(anonymous_29)","decl":{"start":{"line":192,"column":2},"end":{"line":192,"column":6}},"loc":{"start":{"line":192,"column":6},"end":{"line":194,"column":3}}},"30":{"name":"(anonymous_30)","decl":{"start":{"line":196,"column":2},"end":{"line":196,"column":6}},"loc":{"start":{"line":196,"column":6},"end":{"line":198,"column":3}}},"31":{"name":"MYcompile","decl":{"start":{"line":201,"column":16},"end":{"line":201,"column":25}},"loc":{"start":{"line":201,"column":75},"end":{"line":209,"column":1}}}},"branchMap":{"0":{"loc":{"start":{"line":30,"column":14},"end":{"line":30,"column":29}},"type":"default-arg","locations":[{"start":{"line":30,"column":24},"end":{"line":30,"column":29}}]},"1":{"loc":{"start":{"line":30,"column":31},"end":{"line":30,"column":52}},"type":"default-arg","locations":[{"start":{"line":30,"column":50},"end":{"line":30,"column":52}}]},"2":{"loc":{"start":{"line":127,"column":4},"end":{"line":129,"column":5}},"type":"if","locations":[{"start":{"line":127,"column":4},"end":{"line":129,"column":5}}]},"3":{"loc":{"start":{"line":34,"column":4},"end":{"line":36,"column":5}},"type":"if","locations":[{"start":{"line":34,"column":4},"end":{"line":36,"column":5}}]},"4":{"loc":{"start":{"line":54,"column":6},"end":{"line":59,"column":9}},"type":"if","locations":[{"start":{"line":54,"column":6},"end":{"line":59,"column":9}},{"start":{"line":57,"column":13},"end":{"line":59,"column":9}}]},"5":{"loc":{"start":{"line":74,"column":4},"end":{"line":78,"column":5}},"type":"if","locations":[{"start":{"line":74,"column":4},"end":{"line":78,"column":5}}]},"6":{"loc":{"start":{"line":85,"column":4},"end":{"line":89,"column":5}},"type":"if","locations":[{"start":{"line":85,"column":4},"end":{"line":89,"column":5}}]},"7":{"loc":{"start":{"line":115,"column":4},"end":{"line":117,"column":5}},"type":"if","locations":[{"start":{"line":115,"column":4},"end":{"line":117,"column":5}}]},"8":{"loc":{"start":{"line":157,"column":15},"end":{"line":157,"column":71}},"type":"cond-expr","locations":[{"start":{"line":157,"column":45},"end":{"line":157,"column":63}},{"start":{"line":157,"column":66},"end":{"line":157,"column":71}}]},"9":{"loc":{"start":{"line":185,"column":6},"end":{"line":185,"column":53}},"type":"if","locations":[{"start":{"line":185,"column":6},"end":{"line":185,"column":53}}]},"10":{"loc":{"start":{"line":202,"column":2},"end":{"line":204,"column":3}},"type":"if","locations":[{"start":{"line":202,"column":2},"end":{"line":204,"column":3}}]},"11":{"loc":{"start":{"line":205,"column":2},"end":{"line":207,"column":3}},"type":"if","locations":[{"start":{"line":205,"column":2},"end":{"line":207,"column":3}}]}},"s":{"0":2,"1":2,"2":2,"3":2,"4":0,"5":0,"6":0,"7":2,"8":2,"9":2,"10":2,"11":2,"12":2,"13":2,"14":2,"15":2,"16":2,"17":2,"18":2,"19":2,"20":2,"21":1,"22":0,"23":1,"24":2,"25":2,"26":2,"27":2,"28":2,"29":2,"30":2,"31":0,"32":0,"33":2,"34":2,"35":0,"36":0,"37":2,"38":2,"39":2,"40":2,"41":0,"42":0,"43":0,"44":0,"45":0,"46":0,"47":0,"48":0,"49":3,"50":2,"51":2,"52":2,"53":2,"54":2,"55":2,"56":3,"57":2,"58":4,"59":4,"60":0,"61":0,"62":0,"63":0,"64":2,"65":0,"66":0,"67":0,"68":0,"69":0,"70":0,"71":0,"72":0,"73":0,"74":0,"75":1,"76":0,"77":2,"78":2,"79":0,"80":0,"81":0,"82":0,"83":0},"f":{"0":2,"1":0,"2":2,"3":2,"4":1,"5":2,"6":2,"7":0,"8":2,"9":0,"10":2,"11":2,"12":0,"13":0,"14":0,"15":0,"16":0,"17":3,"18":2,"19":2,"20":3,"21":2,"22":4,"23":0,"24":0,"25":2,"26":0,"27":0,"28":0,"29":1,"30":0,"31":0},"b":{"0":[0],"1":[0],"2":[0],"3":[2],"4":[0,1],"5":[0],"6":[0],"7":[0],"8":[0,4],"9":[0],"10":[0],"11":[0]}}
,"/home/elena/Desktop/middle.messenger.praktikum.yandex/src/core/fetch/my_fetch.ts": {"path":"/home/elena/Desktop/middle.messenger.praktikum.yandex/src/core/fetch/my_fetch.ts","statementMap":{"0":{"start":{"line":10,"column":0},"end":{"line":10,"column":16}},"1":{"start":{"line":3,"column":16},"end":{"line":8,"column":2}},"2":{"start":{"line":11,"column":17},"end":{"line":11,"column":34}},"3":{"start":{"line":12,"column":4},"end":{"line":14,"column":12}},"4":{"start":{"line":13,"column":8},"end":{"line":13,"column":105}},"5":{"start":{"line":17,"column":21},"end":{"line":17,"column":55}},"6":{"start":{"line":20,"column":4},"end":{"line":22,"column":6}},"7":{"start":{"line":21,"column":8},"end":{"line":21,"column":88}},"8":{"start":{"line":23,"column":4},"end":{"line":25,"column":6}},"9":{"start":{"line":24,"column":8},"end":{"line":24,"column":88}},"10":{"start":{"line":26,"column":4},"end":{"line":28,"column":6}},"11":{"start":{"line":27,"column":8},"end":{"line":27,"column":89}},"12":{"start":{"line":29,"column":4},"end":{"line":31,"column":6}},"13":{"start":{"line":30,"column":8},"end":{"line":30,"column":91}},"14":{"start":{"line":34,"column":4},"end":{"line":78,"column":6}},"15":{"start":{"line":35,"column":33},"end":{"line":35,"column":40}},"16":{"start":{"line":37,"column":8},"end":{"line":77,"column":11}},"17":{"start":{"line":38,"column":12},"end":{"line":41,"column":13}},"18":{"start":{"line":39,"column":16},"end":{"line":39,"column":36}},"19":{"start":{"line":40,"column":16},"end":{"line":40,"column":23}},"20":{"start":{"line":42,"column":12},"end":{"line":45,"column":13}},"21":{"start":{"line":43,"column":16},"end":{"line":43,"column":75}},"22":{"start":{"line":44,"column":16},"end":{"line":44,"column":23}},"23":{"start":{"line":47,"column":24},"end":{"line":47,"column":44}},"24":{"start":{"line":48,"column":12},"end":{"line":53,"column":14}},"25":{"start":{"line":55,"column":12},"end":{"line":57,"column":14}},"26":{"start":{"line":56,"column":16},"end":{"line":56,"column":29}},"27":{"start":{"line":59,"column":12},"end":{"line":59,"column":33}},"28":{"start":{"line":60,"column":12},"end":{"line":60,"column":33}},"29":{"start":{"line":62,"column":12},"end":{"line":62,"column":34}},"30":{"start":{"line":63,"column":12},"end":{"line":63,"column":35}},"31":{"start":{"line":65,"column":12},"end":{"line":65,"column":39}},"32":{"start":{"line":67,"column":12},"end":{"line":76,"column":13}},"33":{"start":{"line":68,"column":16},"end":{"line":68,"column":27}},"34":{"start":{"line":70,"column":17},"end":{"line":76,"column":13}},"35":{"start":{"line":71,"column":16},"end":{"line":71,"column":31}},"36":{"start":{"line":74,"column":16},"end":{"line":74,"column":88}},"37":{"start":{"line":75,"column":16},"end":{"line":75,"column":47}},"38":{"start":{"line":81,"column":0},"end":{"line":81,"column":29}}},"fnMap":{"0":{"name":"queryStringify","decl":{"start":{"line":10,"column":16},"end":{"line":10,"column":30}},"loc":{"start":{"line":10,"column":59},"end":{"line":15,"column":1}}},"1":{"name":"(anonymous_1)","decl":{"start":{"line":12,"column":23},"end":{"line":12,"column":24}},"loc":{"start":{"line":12,"column":46},"end":{"line":14,"column":5}}},"2":{"name":"(anonymous_2)","decl":{"start":{"line":19,"column":0},"end":{"line":19,"column":6}},"loc":{"start":{"line":19,"column":0},"end":{"line":79,"column":1}}},"3":{"name":"(anonymous_3)","decl":{"start":{"line":20,"column":22},"end":{"line":20,"column":23}},"loc":{"start":{"line":20,"column":39},"end":{"line":22,"column":5}}},"4":{"name":"(anonymous_4)","decl":{"start":{"line":23,"column":22},"end":{"line":23,"column":23}},"loc":{"start":{"line":23,"column":39},"end":{"line":25,"column":5}}},"5":{"name":"(anonymous_5)","decl":{"start":{"line":26,"column":23},"end":{"line":26,"column":24}},"loc":{"start":{"line":26,"column":40},"end":{"line":28,"column":5}}},"6":{"name":"(anonymous_6)","decl":{"start":{"line":29,"column":25},"end":{"line":29,"column":26}},"loc":{"start":{"line":29,"column":42},"end":{"line":31,"column":5}}},"7":{"name":"(anonymous_7)","decl":{"start":{"line":34,"column":14},"end":{"line":34,"column":15}},"loc":{"start":{"line":34,"column":64},"end":{"line":78,"column":5}}},"8":{"name":"(anonymous_8)","decl":{"start":{"line":37,"column":27},"end":{"line":37,"column":37}},"loc":{"start":{"line":37,"column":52},"end":{"line":77,"column":9}}},"9":{"name":"(anonymous_9)","decl":{"start":{"line":55,"column":25},"end":{"line":55,"column":null}},"loc":{"start":{"line":55,"column":25},"end":{"line":57,"column":13}}}},"branchMap":{"0":{"loc":{"start":{"line":13,"column":69},"end":{"line":13,"column":103}},"type":"cond-expr","locations":[{"start":{"line":13,"column":95},"end":{"line":13,"column":98}},{"start":{"line":13,"column":101},"end":{"line":13,"column":103}}]},"1":{"loc":{"start":{"line":34,"column":46},"end":{"line":34,"column":60}},"type":"default-arg","locations":[{"start":{"line":34,"column":56},"end":{"line":34,"column":60}}]},"2":{"loc":{"start":{"line":38,"column":12},"end":{"line":41,"column":13}},"type":"if","locations":[{"start":{"line":38,"column":12},"end":{"line":41,"column":13}}]},"3":{"loc":{"start":{"line":42,"column":12},"end":{"line":45,"column":13}},"type":"if","locations":[{"start":{"line":42,"column":12},"end":{"line":45,"column":13}}]},"4":{"loc":{"start":{"line":42,"column":16},"end":{"line":42,"column":66}},"type":"binary-expr","locations":[{"start":{"line":42,"column":16},"end":{"line":42,"column":38}},{"start":{"line":42,"column":42},"end":{"line":42,"column":66}}]},"5":{"loc":{"start":{"line":51,"column":38},"end":{"line":51,"column":124}},"type":"cond-expr","locations":[{"start":{"line":51,"column":73},"end":{"line":51,"column":119}},{"start":{"line":51,"column":122},"end":{"line":51,"column":124}}]},"6":{"loc":{"start":{"line":51,"column":38},"end":{"line":51,"column":70}},"type":"binary-expr","locations":[{"start":{"line":51,"column":38},"end":{"line":51,"column":60}},{"start":{"line":51,"column":64},"end":{"line":51,"column":70}}]},"7":{"loc":{"start":{"line":67,"column":12},"end":{"line":76,"column":13}},"type":"if","locations":[{"start":{"line":67,"column":12},"end":{"line":76,"column":13}},{"start":{"line":70,"column":17},"end":{"line":76,"column":13}}]},"8":{"loc":{"start":{"line":67,"column":16},"end":{"line":67,"column":47}},"type":"binary-expr","locations":[{"start":{"line":67,"column":16},"end":{"line":67,"column":38}},{"start":{"line":67,"column":42},"end":{"line":67,"column":47}}]},"9":{"loc":{"start":{"line":70,"column":17},"end":{"line":76,"column":13}},"type":"if","locations":[{"start":{"line":70,"column":17},"end":{"line":76,"column":13}},{"start":{"line":73,"column":17},"end":{"line":76,"column":13}}]}},"s":{"0":1,"1":1,"2":3,"3":3,"4":6,"5":1,"6":1,"7":1,"8":1,"9":0,"10":1,"11":1,"12":1,"13":0,"14":1,"15":2,"16":2,"17":2,"18":0,"19":0,"20":2,"21":0,"22":0,"23":2,"24":2,"25":2,"26":2,"27":2,"28":2,"29":2,"30":2,"31":2,"32":2,"33":2,"34":0,"35":0,"36":0,"37":0,"38":1},"f":{"0":3,"1":6,"2":1,"3":1,"4":0,"5":1,"6":0,"7":2,"8":2,"9":2},"b":{"0":[3,3],"1":[2],"2":[0],"3":[0],"4":[2,1],"5":[0,2],"6":[2,1],"7":[2,0],"8":[2,1],"9":[0,0]}}
,"/home/elena/Desktop/middle.messenger.praktikum.yandex/src/core/router/my_router.ts": {"path":"/home/elena/Desktop/middle.messenger.praktikum.yandex/src/core/router/my_router.ts","statementMap":{"0":{"start":{"line":2,"column":0},"end":{"line":2,"column":50}},"1":{"start":{"line":3,"column":0},"end":{"line":3,"column":29}},"2":{"start":{"line":4,"column":0},"end":{"line":4,"column":46}},"3":{"start":{"line":14,"column":8},"end":{"line":14,"column":34}},"4":{"start":{"line":15,"column":8},"end":{"line":15,"column":32}},"5":{"start":{"line":16,"column":8},"end":{"line":16,"column":27}},"6":{"start":{"line":17,"column":8},"end":{"line":17,"column":28}},"7":{"start":{"line":21,"column":8},"end":{"line":24,"column":9}},"8":{"start":{"line":22,"column":12},"end":{"line":22,"column":38}},"9":{"start":{"line":23,"column":12},"end":{"line":23,"column":26}},"10":{"start":{"line":28,"column":8},"end":{"line":30,"column":9}},"11":{"start":{"line":29,"column":12},"end":{"line":29,"column":31}},"12":{"start":{"line":34,"column":8},"end":{"line":34,"column":49}},"13":{"start":{"line":38,"column":8},"end":{"line":38,"column":null}},"14":{"start":{"line":42,"column":8},"end":{"line":46,"column":9}},"15":{"start":{"line":43,"column":12},"end":{"line":43,"column":65}},"16":{"start":{"line":44,"column":12},"end":{"line":44,"column":68}},"17":{"start":{"line":45,"column":12},"end":{"line":45,"column":19}},"18":{"start":{"line":48,"column":8},"end":{"line":48,"column":27}},"19":{"start":{"line":8,"column":0},"end":{"line":8,"column":13}},"20":{"start":{"line":60,"column":8},"end":{"line":62,"column":9}},"21":{"start":{"line":61,"column":12},"end":{"line":61,"column":47}},"22":{"start":{"line":64,"column":8},"end":{"line":64,"column":25}},"23":{"start":{"line":65,"column":8},"end":{"line":65,"column":38}},"24":{"start":{"line":66,"column":8},"end":{"line":66,"column":34}},"25":{"start":{"line":67,"column":8},"end":{"line":67,"column":36}},"26":{"start":{"line":69,"column":8},"end":{"line":69,"column":33}},"27":{"start":{"line":73,"column":8},"end":{"line":73,"column":42}},"28":{"start":{"line":74,"column":22},"end":{"line":74,"column":55}},"29":{"start":{"line":76,"column":8},"end":{"line":76,"column":32}},"30":{"start":{"line":78,"column":8},"end":{"line":78,"column":20}},"31":{"start":{"line":82,"column":8},"end":{"line":82,"column":66}},"32":{"start":{"line":82,"column":37},"end":{"line":82,"column":52}},"33":{"start":{"line":83,"column":8},"end":{"line":83,"column":23}},"34":{"start":{"line":86,"column":8},"end":{"line":103,"column":9}},"35":{"start":{"line":87,"column":12},"end":{"line":87,"column":null}},"36":{"start":{"line":88,"column":26},"end":{"line":92,"column":14}},"37":{"start":{"line":93,"column":12},"end":{"line":101,"column":13}},"38":{"start":{"line":95,"column":20},"end":{"line":95,"column":56}},"39":{"start":{"line":96,"column":20},"end":{"line":96,"column":26}},"40":{"start":{"line":98,"column":20},"end":{"line":98,"column":64}},"41":{"start":{"line":99,"column":20},"end":{"line":99,"column":117}},"42":{"start":{"line":100,"column":20},"end":{"line":100,"column":26}},"43":{"start":{"line":102,"column":12},"end":{"line":102,"column":null}},"44":{"start":{"line":107,"column":22},"end":{"line":107,"column":45}},"45":{"start":{"line":108,"column":8},"end":{"line":111,"column":9}},"46":{"start":{"line":109,"column":12},"end":{"line":109,"column":38}},"47":{"start":{"line":110,"column":12},"end":{"line":110,"column":19}},"48":{"start":{"line":113,"column":8},"end":{"line":115,"column":9}},"49":{"start":{"line":114,"column":12},"end":{"line":114,"column":39}},"50":{"start":{"line":117,"column":8},"end":{"line":117,"column":58}},"51":{"start":{"line":118,"column":8},"end":{"line":118,"column":24}},"52":{"start":{"line":122,"column":8},"end":{"line":122,"column":49}},"53":{"start":{"line":123,"column":8},"end":{"line":123,"column":null}},"54":{"start":{"line":127,"column":8},"end":{"line":127,"column":28}},"55":{"start":{"line":131,"column":8},"end":{"line":131,"column":31}},"56":{"start":{"line":135,"column":8},"end":{"line":135,"column":64}},"57":{"start":{"line":135,"column":41},"end":{"line":135,"column":62}},"58":{"start":{"line":138,"column":21},"end":{"line":138,"column":50}},"59":{"start":{"line":139,"column":8},"end":{"line":144,"column":9}},"60":{"start":{"line":140,"column":12},"end":{"line":140,"column":null}},"61":{"start":{"line":142,"column":13},"end":{"line":144,"column":9}},"62":{"start":{"line":143,"column":12},"end":{"line":143,"column":null}},"63":{"start":{"line":145,"column":10},"end":{"line":145,"column":50}},"64":{"start":{"line":52,"column":0},"end":{"line":52,"column":13}}},"fnMap":{"0":{"name":"(anonymous_0)","decl":{"start":{"line":13,"column":4},"end":{"line":13,"column":16}},"loc":{"start":{"line":13,"column":61},"end":{"line":18,"column":5}}},"1":{"name":"(anonymous_1)","decl":{"start":{"line":20,"column":4},"end":{"line":20,"column":12}},"loc":{"start":{"line":20,"column":29},"end":{"line":25,"column":5}}},"2":{"name":"(anonymous_2)","decl":{"start":{"line":27,"column":4},"end":{"line":27,"column":9}},"loc":{"start":{"line":27,"column":9},"end":{"line":31,"column":5}}},"3":{"name":"(anonymous_3)","decl":{"start":{"line":33,"column":4},"end":{"line":33,"column":9}},"loc":{"start":{"line":33,"column":26},"end":{"line":35,"column":5}}},"4":{"name":"(anonymous_4)","decl":{"start":{"line":37,"column":4},"end":{"line":37,"column":9}},"loc":{"start":{"line":37,"column":22},"end":{"line":39,"column":5}}},"5":{"name":"(anonymous_5)","decl":{"start":{"line":41,"column":4},"end":{"line":41,"column":10}},"loc":{"start":{"line":41,"column":10},"end":{"line":49,"column":5}}},"6":{"name":"(anonymous_6)","decl":{"start":{"line":59,"column":4},"end":{"line":59,"column":16}},"loc":{"start":{"line":59,"column":33},"end":{"line":70,"column":5}}},"7":{"name":"(anonymous_7)","decl":{"start":{"line":72,"column":4},"end":{"line":72,"column":7}},"loc":{"start":{"line":72,"column":63},"end":{"line":79,"column":5}}},"8":{"name":"(anonymous_8)","decl":{"start":{"line":81,"column":4},"end":{"line":81,"column":9}},"loc":{"start":{"line":81,"column":9},"end":{"line":84,"column":5}}},"9":{"name":"(anonymous_9)","decl":{"start":{"line":82,"column":29},"end":{"line":82,"column":32}},"loc":{"start":{"line":82,"column":34},"end":{"line":82,"column":53}}},"10":{"name":"(anonymous_10)","decl":{"start":{"line":85,"column":4},"end":{"line":85,"column":19}},"loc":{"start":{"line":85,"column":34},"end":{"line":104,"column":5}}},"11":{"name":"(anonymous_11)","decl":{"start":{"line":106,"column":4},"end":{"line":106,"column":12}},"loc":{"start":{"line":106,"column":29},"end":{"line":119,"column":5}}},"12":{"name":"(anonymous_12)","decl":{"start":{"line":121,"column":4},"end":{"line":121,"column":6}},"loc":{"start":{"line":121,"column":23},"end":{"line":124,"column":5}}},"13":{"name":"(anonymous_13)","decl":{"start":{"line":126,"column":4},"end":{"line":126,"column":8}},"loc":{"start":{"line":126,"column":8},"end":{"line":128,"column":5}}},"14":{"name":"(anonymous_14)","decl":{"start":{"line":130,"column":4},"end":{"line":130,"column":11}},"loc":{"start":{"line":130,"column":11},"end":{"line":132,"column":5}}},"15":{"name":"(anonymous_15)","decl":{"start":{"line":134,"column":4},"end":{"line":134,"column":12}},"loc":{"start":{"line":134,"column":29},"end":{"line":136,"column":5}}},"16":{"name":"(anonymous_16)","decl":{"start":{"line":135,"column":32},"end":{"line":135,"column":37}},"loc":{"start":{"line":135,"column":41},"end":{"line":135,"column":62}}},"17":{"name":"(anonymous_17)","decl":{"start":{"line":137,"column":4},"end":{"line":137,"column":11}},"loc":{"start":{"line":137,"column":11},"end":{"line":146,"column":5}}}},"branchMap":{"0":{"loc":{"start":{"line":21,"column":8},"end":{"line":24,"column":9}},"type":"if","locations":[{"start":{"line":21,"column":8},"end":{"line":24,"column":9}}]},"1":{"loc":{"start":{"line":28,"column":8},"end":{"line":30,"column":9}},"type":"if","locations":[{"start":{"line":28,"column":8},"end":{"line":30,"column":9}}]},"2":{"loc":{"start":{"line":42,"column":8},"end":{"line":46,"column":9}},"type":"if","locations":[{"start":{"line":42,"column":8},"end":{"line":46,"column":9}}]},"3":{"loc":{"start":{"line":60,"column":8},"end":{"line":62,"column":9}},"type":"if","locations":[{"start":{"line":60,"column":8},"end":{"line":62,"column":9}}]},"4":{"loc":{"start":{"line":72,"column":46},"end":{"line":72,"column":63}},"type":"default-arg","locations":[{"start":{"line":72,"column":61},"end":{"line":72,"column":63}}]},"5":{"loc":{"start":{"line":86,"column":8},"end":{"line":103,"column":9}},"type":"if","locations":[{"start":{"line":86,"column":8},"end":{"line":103,"column":9}}]},"6":{"loc":{"start":{"line":93,"column":12},"end":{"line":101,"column":13}},"type":"switch","locations":[{"start":{"line":94,"column":16},"end":{"line":96,"column":26}},{"start":{"line":97,"column":16},"end":{"line":100,"column":26}}]},"7":{"loc":{"start":{"line":108,"column":8},"end":{"line":111,"column":9}},"type":"if","locations":[{"start":{"line":108,"column":8},"end":{"line":111,"column":9}}]},"8":{"loc":{"start":{"line":113,"column":8},"end":{"line":115,"column":9}},"type":"if","locations":[{"start":{"line":113,"column":8},"end":{"line":115,"column":9}}]},"9":{"loc":{"start":{"line":113,"column":12},"end":{"line":113,"column":62}},"type":"binary-expr","locations":[{"start":{"line":113,"column":12},"end":{"line":113,"column":30}},{"start":{"line":113,"column":34},"end":{"line":113,"column":62}}]},"10":{"loc":{"start":{"line":139,"column":8},"end":{"line":144,"column":9}},"type":"if","locations":[{"start":{"line":139,"column":8},"end":{"line":144,"column":9}},{"start":{"line":142,"column":13},"end":{"line":144,"column":9}}]},"11":{"loc":{"start":{"line":139,"column":12},"end":{"line":139,"column":81}},"type":"binary-expr","locations":[{"start":{"line":139,"column":12},"end":{"line":139,"column":23}},{"start":{"line":139,"column":27},"end":{"line":139,"column":81}}]},"12":{"loc":{"start":{"line":142,"column":13},"end":{"line":144,"column":9}},"type":"if","locations":[{"start":{"line":142,"column":13},"end":{"line":144,"column":9}}]},"13":{"loc":{"start":{"line":142,"column":17},"end":{"line":142,"column":84}},"type":"binary-expr","locations":[{"start":{"line":142,"column":17},"end":{"line":142,"column":27}},{"start":{"line":142,"column":31},"end":{"line":142,"column":84}}]}},"s":{"0":1,"1":1,"2":1,"3":1,"4":1,"5":1,"6":1,"7":0,"8":0,"9":0,"10":0,"11":0,"12":2,"13":0,"14":2,"15":1,"16":1,"17":1,"18":1,"19":1,"20":2,"21":1,"22":1,"23":1,"24":1,"25":1,"26":1,"27":1,"28":1,"29":1,"30":1,"31":1,"32":0,"33":1,"34":0,"35":0,"36":0,"37":0,"38":0,"39":0,"40":0,"41":0,"42":0,"43":0,"44":2,"45":2,"46":0,"47":0,"48":2,"49":0,"50":2,"51":2,"52":1,"53":1,"54":0,"55":0,"56":2,"57":2,"58":2,"59":2,"60":0,"61":2,"62":0,"63":2,"64":1},"f":{"0":1,"1":0,"2":0,"3":2,"4":0,"5":2,"6":2,"7":1,"8":1,"9":0,"10":0,"11":2,"12":1,"13":0,"14":0,"15":2,"16":2,"17":2},"b":{"0":[0],"1":[0],"2":[1],"3":[1],"4":[1],"5":[0],"6":[0,0],"7":[0],"8":[0],"9":[2,1],"10":[0,2],"11":[2,2],"12":[0],"13":[2,0]}}
}
