TN:
SF:src/core/event_bus.ts
FN:5,(anonymous_0)
FN:9,(anonymous_1)
FN:18,(anonymous_2)
FN:24,(anonymous_3)
FN:28,(anonymous_4)
FN:33,(anonymous_5)
FNF:6
FNH:4
FNDA:4,(anonymous_0)
FNDA:8,(anonymous_1)
FNDA:0,(anonymous_2)
FNDA:0,(anonymous_3)
FNDA:4,(anonymous_4)
FNDA:4,(anonymous_5)
DA:3,2
DA:6,4
DA:11,8
DA:12,8
DA:15,8
DA:19,0
DA:20,0
DA:23,0
DA:24,0
DA:29,4
DA:30,0
DA:33,4
DA:34,4
LF:13
LH:8
BRDA:11,0,0,8
BRDA:19,1,0,0
BRDA:29,2,0,0
BRF:3
BRH:1
end_of_record
TN:
SF:src/core/store.ts
FN:4,(anonymous_0)
FN:8,(anonymous_1)
FN:11,(anonymous_2)
FN:15,(anonymous_3)
FN:24,merge
FN:47,set
FN:56,(anonymous_6)
FNF:7
FNH:3
FNDA:2,(anonymous_0)
FNDA:2,(anonymous_1)
FNDA:2,(anonymous_2)
FNDA:0,(anonymous_3)
FNDA:0,merge
FNDA:0,set
FNDA:0,(anonymous_6)
DA:2,2
DA:4,2
DA:5,2
DA:8,2
DA:9,2
DA:12,2
DA:16,0
DA:17,0
DA:18,0
DA:24,2
DA:25,0
DA:26,0
DA:27,0
DA:30,0
DA:31,0
DA:32,0
DA:34,0
DA:38,0
DA:39,0
DA:43,0
DA:48,0
DA:49,0
DA:52,0
DA:53,0
DA:56,0
DA:59,0
DA:61,2
LF:27
LH:8
BRDA:4,0,0,2
BRDA:4,0,1,2
BRDA:26,1,0,0
BRDA:31,2,0,0
BRDA:31,2,1,0
BRDA:48,3,0,0
BRDA:48,4,0,0
BRDA:48,4,1,0
BRDA:52,5,0,0
BRF:9
BRH:2
end_of_record
TN:
SF:src/core/type.ts
FN:53,(anonymous_0)
FNF:1
FNH:1
FNDA:1,(anonymous_0)
DA:53,1
LF:1
LH:1
BRDA:53,0,0,1
BRDA:53,0,1,1
BRF:2
BRH:2
end_of_record
TN:
SF:src/core/utils.ts
FN:5,renderDom
FN:11,isEqual
FN:14,AddAvatarInStore
FN:16,(anonymous_3)
FN:24,ValidateForm
FN:27,(anonymous_5)
FN:36,GetJsonDataFromForm
FN:40,(anonymous_7)
FN:46,Validate
FN:68,NotificationMassage
FNF:10
FNH:2
FNDA:2,renderDom
FNDA:2,isEqual
FNDA:0,AddAvatarInStore
FNDA:0,(anonymous_3)
FNDA:0,ValidateForm
FNDA:0,(anonymous_5)
FNDA:0,GetJsonDataFromForm
FNDA:0,(anonymous_7)
FNDA:0,Validate
FNDA:0,NotificationMassage
DA:3,2
DA:5,2
DA:6,2
DA:7,2
DA:8,2
DA:11,2
DA:12,2
DA:14,2
DA:15,0
DA:16,0
DA:17,0
DA:18,0
DA:21,0
DA:24,2
DA:25,0
DA:26,0
DA:27,0
DA:28,0
DA:29,0
DA:30,0
DA:34,0
DA:36,2
DA:37,0
DA:38,0
DA:39,0
DA:40,0
DA:41,0
DA:43,0
DA:46,2
DA:48,0
DA:49,0
DA:51,0
DA:52,0
DA:53,0
DA:54,0
DA:56,0
DA:59,0
DA:60,0
DA:61,0
DA:63,0
DA:68,2
DA:69,0
LF:42
LH:12
BRDA:6,0,0,1
BRDA:6,0,1,1
BRDA:14,1,0,0
BRDA:18,2,0,0
BRDA:29,3,0,0
BRDA:30,4,0,0
BRDA:30,4,1,0
BRDA:49,5,0,0
BRDA:49,5,1,0
BRDA:51,6,0,0
BRDA:51,6,1,0
BRDA:52,7,0,0
BRDA:59,8,0,0
BRF:13
BRH:2
end_of_record
TN:
SF:src/core/block/block.ts
FN:30,(anonymous_0)
FN:126,(anonymous_1)
FN:44,(anonymous_2)
FN:50,(anonymous_3)
FN:53,(anonymous_4)
FN:66,(anonymous_5)
FN:72,(anonymous_6)
FN:75,(anonymous_7)
FN:82,(anonymous_8)
FN:86,(anonymous_9)
FN:92,(anonymous_10)
FN:97,(anonymous_11)
FN:103,(anonymous_12)
FN:107,(anonymous_13)
FN:109,(anonymous_14)
FN:113,(anonymous_15)
FN:121,(anonymous_16)
FN:133,(anonymous_17)
FN:137,(anonymous_18)
FN:145,(anonymous_19)
FN:149,(anonymous_20)
FN:153,(anonymous_21)
FN:155,(anonymous_22)
FN:159,(anonymous_23)
FN:164,(anonymous_24)
FN:170,(anonymous_25)
FN:174,(anonymous_26)
FN:177,(anonymous_27)
FN:183,(anonymous_28)
FN:192,(anonymous_29)
FN:196,(anonymous_30)
FN:201,MYcompile
FNF:32
FNH:17
FNDA:2,(anonymous_0)
FNDA:0,(anonymous_1)
FNDA:2,(anonymous_2)
FNDA:2,(anonymous_3)
FNDA:1,(anonymous_4)
FNDA:2,(anonymous_5)
FNDA:2,(anonymous_6)
FNDA:0,(anonymous_7)
FNDA:2,(anonymous_8)
FNDA:0,(anonymous_9)
FNDA:2,(anonymous_10)
FNDA:2,(anonymous_11)
FNDA:0,(anonymous_12)
FNDA:0,(anonymous_13)
FNDA:0,(anonymous_14)
FNDA:0,(anonymous_15)
FNDA:0,(anonymous_16)
FNDA:3,(anonymous_17)
FNDA:2,(anonymous_18)
FNDA:2,(anonymous_19)
FNDA:3,(anonymous_20)
FNDA:2,(anonymous_21)
FNDA:4,(anonymous_22)
FNDA:0,(anonymous_23)
FNDA:0,(anonymous_24)
FNDA:2,(anonymous_25)
FNDA:0,(anonymous_26)
FNDA:0,(anonymous_27)
FNDA:0,(anonymous_28)
FNDA:1,(anonymous_29)
FNDA:0,(anonymous_30)
FNDA:0,MYcompile
DA:2,2
DA:3,2
DA:5,2
DA:6,2
DA:32,2
DA:33,2
DA:34,2
DA:35,2
DA:37,2
DA:38,2
DA:42,2
DA:44,2
DA:46,2
DA:47,2
DA:51,2
DA:52,2
DA:53,2
DA:54,1
DA:55,0
DA:58,1
DA:62,2
DA:67,2
DA:68,2
DA:69,2
DA:70,2
DA:73,2
DA:74,2
DA:75,0
DA:76,0
DA:83,2
DA:85,2
DA:86,0
DA:87,0
DA:93,2
DA:94,2
DA:98,2
DA:100,2
DA:104,0
DA:110,0
DA:114,0
DA:115,0
DA:116,0
DA:118,0
DA:122,0
DA:123,0
DA:126,2
DA:127,0
DA:128,0
DA:130,0
DA:134,3
DA:138,2
DA:139,2
DA:140,2
DA:141,2
DA:142,2
DA:146,2
DA:150,3
DA:154,2
DA:156,4
DA:157,4
DA:160,0
DA:161,0
DA:162,0
DA:165,0
DA:171,2
DA:175,0
DA:177,0
DA:178,0
DA:181,0
DA:182,0
DA:183,0
DA:184,0
DA:185,0
DA:188,0
DA:193,1
DA:197,0
DA:201,2
DA:202,0
DA:203,0
DA:205,0
DA:206,0
DA:208,0
LF:82
LH:47
BRDA:30,0,0,0
BRDA:30,1,0,0
BRDA:127,2,0,0
BRDA:34,3,0,2
BRDA:54,4,0,0
BRDA:54,4,1,1
BRDA:74,5,0,0
BRDA:85,6,0,0
BRDA:115,7,0,0
BRDA:157,8,0,0
BRDA:157,8,1,4
BRDA:185,9,0,0
BRDA:202,10,0,0
BRDA:205,11,0,0
BRF:14
BRH:3
end_of_record
TN:
SF:src/core/fetch/my_fetch.ts
FN:10,queryStringify
FN:12,(anonymous_1)
FN:19,(anonymous_2)
FN:20,(anonymous_3)
FN:23,(anonymous_4)
FN:26,(anonymous_5)
FN:29,(anonymous_6)
FN:34,(anonymous_7)
FN:37,(anonymous_8)
FN:55,(anonymous_9)
FNF:10
FNH:8
FNDA:3,queryStringify
FNDA:6,(anonymous_1)
FNDA:1,(anonymous_2)
FNDA:1,(anonymous_3)
FNDA:0,(anonymous_4)
FNDA:1,(anonymous_5)
FNDA:0,(anonymous_6)
FNDA:2,(anonymous_7)
FNDA:2,(anonymous_8)
FNDA:2,(anonymous_9)
DA:3,1
DA:10,1
DA:11,3
DA:12,3
DA:13,6
DA:17,1
DA:20,1
DA:21,1
DA:23,1
DA:24,0
DA:26,1
DA:27,1
DA:29,1
DA:30,0
DA:34,1
DA:35,2
DA:37,2
DA:38,2
DA:39,0
DA:40,0
DA:42,2
DA:43,0
DA:44,0
DA:47,2
DA:48,2
DA:55,2
DA:56,2
DA:59,2
DA:60,2
DA:62,2
DA:63,2
DA:65,2
DA:67,2
DA:68,2
DA:70,0
DA:71,0
DA:74,0
DA:75,0
DA:81,1
LF:39
LH:29
BRDA:13,0,0,3
BRDA:13,0,1,3
BRDA:34,1,0,2
BRDA:38,2,0,0
BRDA:42,3,0,0
BRDA:42,4,0,2
BRDA:42,4,1,1
BRDA:51,5,0,0
BRDA:51,5,1,2
BRDA:51,6,0,2
BRDA:51,6,1,1
BRDA:67,7,0,2
BRDA:67,7,1,0
BRDA:67,8,0,2
BRDA:67,8,1,1
BRDA:70,9,0,0
BRDA:70,9,1,0
BRF:17
BRH:11
end_of_record
TN:
SF:src/core/router/my_router.ts
FN:13,(anonymous_0)
FN:20,(anonymous_1)
FN:27,(anonymous_2)
FN:33,(anonymous_3)
FN:37,(anonymous_4)
FN:41,(anonymous_5)
FN:59,(anonymous_6)
FN:72,(anonymous_7)
FN:81,(anonymous_8)
FN:82,(anonymous_9)
FN:85,(anonymous_10)
FN:106,(anonymous_11)
FN:121,(anonymous_12)
FN:126,(anonymous_13)
FN:130,(anonymous_14)
FN:134,(anonymous_15)
FN:135,(anonymous_16)
FN:137,(anonymous_17)
FNF:18
FNH:11
FNDA:1,(anonymous_0)
FNDA:0,(anonymous_1)
FNDA:0,(anonymous_2)
FNDA:2,(anonymous_3)
FNDA:0,(anonymous_4)
FNDA:2,(anonymous_5)
FNDA:2,(anonymous_6)
FNDA:1,(anonymous_7)
FNDA:1,(anonymous_8)
FNDA:0,(anonymous_9)
FNDA:0,(anonymous_10)
FNDA:2,(anonymous_11)
FNDA:1,(anonymous_12)
FNDA:0,(anonymous_13)
FNDA:0,(anonymous_14)
FNDA:2,(anonymous_15)
FNDA:2,(anonymous_16)
FNDA:2,(anonymous_17)
DA:2,1
DA:3,1
DA:4,1
DA:8,1
DA:14,1
DA:15,1
DA:16,1
DA:17,1
DA:21,0
DA:22,0
DA:23,0
DA:28,0
DA:29,0
DA:34,2
DA:38,0
DA:42,2
DA:43,1
DA:44,1
DA:45,1
DA:48,1
DA:52,1
DA:60,2
DA:61,1
DA:64,1
DA:65,1
DA:66,1
DA:67,1
DA:69,1
DA:73,1
DA:74,1
DA:76,1
DA:78,1
DA:82,1
DA:83,1
DA:86,0
DA:87,0
DA:88,0
DA:93,0
DA:95,0
DA:96,0
DA:98,0
DA:99,0
DA:100,0
DA:102,0
DA:107,2
DA:108,2
DA:109,0
DA:110,0
DA:113,2
DA:114,0
DA:117,2
DA:118,2
DA:122,1
DA:123,1
DA:127,0
DA:131,0
DA:135,2
DA:138,2
DA:139,2
DA:140,0
DA:142,2
DA:143,0
DA:145,2
LF:63
LH:40
BRDA:21,0,0,0
BRDA:28,1,0,0
BRDA:42,2,0,1
BRDA:60,3,0,1
BRDA:72,4,0,1
BRDA:86,5,0,0
BRDA:93,6,0,0
BRDA:93,6,1,0
BRDA:108,7,0,0
BRDA:113,8,0,0
BRDA:113,9,0,2
BRDA:113,9,1,1
BRDA:139,10,0,0
BRDA:139,10,1,2
BRDA:139,11,0,2
BRDA:139,11,1,2
BRDA:142,12,0,0
BRDA:142,13,0,2
BRDA:142,13,1,0
BRF:19
BRH:9
end_of_record
